


ARM Macro Assembler    Page 1 


    1 00000000                 PRESERVE8
    2 00000000                 THUMB
    3 00000000         
    4 00000000         ; Area Definition and Entry Point
    5 00000000         ; Startup Code must be linked first at Address at which 
                       it expects to run.
    6 00000000         
    7 00000000                 AREA             RESET, CODE, READONLY
    8 00000000                 ARM
    9 00000000         
   10 00000000         ; Exception Vectors
   11 00000000         ; Mapped to Address 0.
   12 00000000         ; Absolute addressing mode must be used.
   13 00000000         ; Dummy Handlers are implemented as infinite loops which
                        can be modified.
   14 00000000         
   15 00000000 E59FF018 
                       Vectors LDR              PC, Reset_Addr
   16 00000004 E59FF018        LDR              PC, Undef_Addr
   17 00000008 E59FF018        LDR              PC, SWI_Addr
   18 0000000C E59FF018        LDR              PC, PAbt_Addr
   19 00000010 E59FF018        LDR              PC, DAbt_Addr
   20 00000014 E1A00000        NOP                          ; Reserved Vector 
   21 00000018 E51FFFF0        LDR              PC, [PC, #-0x0FF0] ; Vector fro
                                                            m VICVectAddr
   22 0000001C E59FF018        LDR              PC, FIQ_Addr
   23 00000020         
   24 00000020         ; Vector Table Entries
   25 00000020 00000000 
                       Reset_Addr
                               DCD              Reset_Handler
   26 00000024 00000000 
                       Undef_Addr
                               DCD              Undef_Handler
   27 00000028 00000000 
                       SWI_Addr
                               DCD              SWI_Handler
   28 0000002C 00000000 
                       PAbt_Addr
                               DCD              PAbt_Handler
   29 00000030 00000000 
                       DAbt_Addr
                               DCD              DAbt_Handler
   30 00000034 00000000        DCD              0           ; Reserved Address 
                                                            
   31 00000038 00000000 
                       IRQ_Addr
                               DCD              IRQ_Handler
   32 0000003C 00000000 
                       FIQ_Addr
                               DCD              FIQ_Handler
   33 00000040         
   34 00000040         ; ------------------------------------------------------
                       ---------
   35 00000040         ; Exception Handlers
   36 00000040         ; Each handler loops forever unless replaced by real han
                       dler code
   37 00000040         ; ------------------------------------------------------
                       ---------



ARM Macro Assembler    Page 2 


   38 00000040         
   39 00000040 EAFFFFFE 
                       Undef_Handler
                               B                Undef_Handler
   40 00000044 EAFFFFFE 
                       SWI_Handler
                               B                SWI_Handler
   41 00000048 EAFFFFFE 
                       PAbt_Handler
                               B                PAbt_Handler
   42 0000004C EAFFFFFE 
                       DAbt_Handler
                               B                DAbt_Handler
   43 00000050 EAFFFFFE 
                       IRQ_Handler
                               B                IRQ_Handler
   44 00000054 EAFFFFFE 
                       FIQ_Handler
                               B                FIQ_Handler
   45 00000058         
   46 00000058         ; ------------------------------------------------------
                       ---------
   47 00000058         ; Reset Handler Declaration
   48 00000058         ; This will be linked from main FreeRTOS application or 
                       crt0.s
   49 00000058         ; ------------------------------------------------------
                       ---------
   50 00000058                 IMPORT           SystemInit
   51 00000058                 IMPORT           main
   52 00000058         
   53 00000058         Reset_Handler
   54 00000058 EBFFFFFE        BL               SystemInit  ; Initialize PLL, V
                                                            PB, etc.
   55 0000005C E59F0008        LDR              R0, =main   ; Call main()
   56 00000060 E1A0E00F        MOV              LR, PC
   57 00000064 E12FFF10        BX               R0
   58 00000068         
   59 00000068         LoopForever
   60 00000068 EAFFFFFE        B                LoopForever
   61 0000006C         
   62 0000006C                 END
              00000000 
Command Line: --debug --xref --apcs=interwork --depend=Startup.d -oStartup.o -I
C:\Keil\FreeRTOS_V9.0.0rc2\FreeRTOS\Demo\Common -IC:\Keil\FreeRTOS_V9.0.0rc2\Fr
eeRTOS\Source\portable\RVDS\ARM7_LPC21xx -IC:\Keil\ARM\RV31\INC -IC:\Keil\ARM\C
MSIS\Include -IC:\Keil\ARM\Inc\Philips --list=Startup.lst Startup.s



ARM Macro Assembler    Page 1 Alphabetic symbol ordering
Relocatable symbols

DAbt_Addr 00000030

Symbol: DAbt_Addr
   Definitions
      At line 29 in file Startup.s
   Uses
      At line 19 in file Startup.s
Comment: DAbt_Addr used once
DAbt_Handler 0000004C

Symbol: DAbt_Handler
   Definitions
      At line 42 in file Startup.s
   Uses
      At line 29 in file Startup.s
      At line 42 in file Startup.s

FIQ_Addr 0000003C

Symbol: FIQ_Addr
   Definitions
      At line 32 in file Startup.s
   Uses
      At line 22 in file Startup.s
Comment: FIQ_Addr used once
FIQ_Handler 00000054

Symbol: FIQ_Handler
   Definitions
      At line 44 in file Startup.s
   Uses
      At line 32 in file Startup.s
      At line 44 in file Startup.s

IRQ_Addr 00000038

Symbol: IRQ_Addr
   Definitions
      At line 31 in file Startup.s
   Uses
      None
Comment: IRQ_Addr unused
IRQ_Handler 00000050

Symbol: IRQ_Handler
   Definitions
      At line 43 in file Startup.s
   Uses
      At line 31 in file Startup.s
      At line 43 in file Startup.s

LoopForever 00000068

Symbol: LoopForever
   Definitions
      At line 59 in file Startup.s
   Uses
      At line 60 in file Startup.s
Comment: LoopForever used once



ARM Macro Assembler    Page 2 Alphabetic symbol ordering
Relocatable symbols

PAbt_Addr 0000002C

Symbol: PAbt_Addr
   Definitions
      At line 28 in file Startup.s
   Uses
      At line 18 in file Startup.s
Comment: PAbt_Addr used once
PAbt_Handler 00000048

Symbol: PAbt_Handler
   Definitions
      At line 41 in file Startup.s
   Uses
      At line 28 in file Startup.s
      At line 41 in file Startup.s

RESET 00000000

Symbol: RESET
   Definitions
      At line 7 in file Startup.s
   Uses
      None
Comment: RESET unused
Reset_Addr 00000020

Symbol: Reset_Addr
   Definitions
      At line 25 in file Startup.s
   Uses
      At line 15 in file Startup.s
Comment: Reset_Addr used once
Reset_Handler 00000058

Symbol: Reset_Handler
   Definitions
      At line 53 in file Startup.s
   Uses
      At line 25 in file Startup.s
Comment: Reset_Handler used once
SWI_Addr 00000028

Symbol: SWI_Addr
   Definitions
      At line 27 in file Startup.s
   Uses
      At line 17 in file Startup.s
Comment: SWI_Addr used once
SWI_Handler 00000044

Symbol: SWI_Handler
   Definitions
      At line 40 in file Startup.s
   Uses
      At line 27 in file Startup.s
      At line 40 in file Startup.s

Undef_Addr 00000024



ARM Macro Assembler    Page 3 Alphabetic symbol ordering
Relocatable symbols


Symbol: Undef_Addr
   Definitions
      At line 26 in file Startup.s
   Uses
      At line 16 in file Startup.s
Comment: Undef_Addr used once
Undef_Handler 00000040

Symbol: Undef_Handler
   Definitions
      At line 39 in file Startup.s
   Uses
      At line 26 in file Startup.s
      At line 39 in file Startup.s

Vectors 00000000

Symbol: Vectors
   Definitions
      At line 15 in file Startup.s
   Uses
      None
Comment: Vectors unused
17 symbols



ARM Macro Assembler    Page 1 Alphabetic symbol ordering
External symbols

SystemInit 00000000

Symbol: SystemInit
   Definitions
      At line 50 in file Startup.s
   Uses
      At line 54 in file Startup.s
Comment: SystemInit used once
main 00000000

Symbol: main
   Definitions
      At line 51 in file Startup.s
   Uses
      At line 55 in file Startup.s
Comment: main used once
2 symbols
351 symbols in table
